<?xml version="1.0" encoding="UTF-8"?>
<coverage generated="1596891073247" clover="3.2.0">
  <project timestamp="1596891073247" name="All files">
    <metrics statements="9" coveredstatements="9" conditionals="0" coveredconditionals="0" methods="2" coveredmethods="2" elements="11" coveredelements="11" complexity="0" loc="9" ncloc="9" packages="1" files="1" classes="1"/>
    <file name="Team.js" path="E:\IT_and_programing\Frontend\8.0_Homeworks\Task_11.2\src\js\Team.js">
      <metrics statements="9" coveredstatements="9" conditionals="0" coveredconditionals="0" methods="2" coveredmethods="2"/>
      <line num="1" count="1" type="stmt"/>
      <line num="10" count="1" type="stmt"/>
      <line num="19" count="1" type="stmt"/>
      <line num="33" count="1" type="stmt"/>
      <line num="36" count="2" type="stmt"/>
      <line num="37" count="6" type="stmt"/>
      <line num="43" count="1" type="stmt"/>
      <line num="46" count="1" type="stmt"/>
      <line num="47" count="3" type="stmt"/>
    </file>
  </project>
</coverage>
