{"E:\\IT_and_programing\\Frontend\\8.0_Homeworks\\Task_11.2\\src\\js\\Team.js": {"path":"E:\\IT_and_programing\\Frontend\\8.0_Homeworks\\Task_11.2\\src\\js\\Team.js","statementMap":{"0":{"start":{"line":1,"column":14},"end":{"line":8,"column":3}},"1":{"start":{"line":10,"column":16},"end":{"line":17,"column":3}},"2":{"start":{"line":19,"column":16},"end":{"line":26,"column":3}},"3":{"start":{"line":33,"column":8},"end":{"line":33,"column":27}},"4":{"start":{"line":36,"column":8},"end":{"line":38,"column":9}},"5":{"start":{"line":37,"column":12},"end":{"line":37,"column":25}},"6":{"start":{"line":43,"column":17},"end":{"line":43,"column":46}},"7":{"start":{"line":46,"column":2},"end":{"line":48,"column":3}},"8":{"start":{"line":47,"column":6},"end":{"line":47,"column":20}}},"fnMap":{"0":{"name":"(anonymous_0)","decl":{"start":{"line":32,"column":4},"end":{"line":32,"column":5}},"loc":{"start":{"line":32,"column":26},"end":{"line":34,"column":5}},"line":32},"1":{"name":"(anonymous_1)","decl":{"start":{"line":35,"column":4},"end":{"line":35,"column":5}},"loc":{"start":{"line":35,"column":25},"end":{"line":39,"column":5}},"line":35}},"branchMap":{},"s":{"0":1,"1":1,"2":1,"3":1,"4":2,"5":6,"6":1,"7":1,"8":3},"f":{"0":1,"1":2},"b":{},"_coverageSchema":"1a1c01bbd47fc00a2c39e90264f33305004495a9","hash":"2cf1d3a0295e0fa2ff87169510115fa377e5de4f"}
}
